Arguments: 
  C:\Program Files\nodejs\node.exe C:\Users\Administrator\AppData\Roaming\npm\node_modules\yarn\bin\yarn.js add babel-plugin-import --save-dev

PATH: 
  D:\Program Files\360\360zip;C:\Program Files (x86)\NetSarang\Xftp 6\;C:\Program Files (x86)\NetSarang\Xshell 6\;C:\Users\Administrator\AppData\Local\Programs\Python\Python38\;C:\Users\Administrator\AppData\Local\Programs\Python\Python38\Scripts;C:\Windows\system32;C:\Windows;C:\Windows\System32\Wbem;C:\Windows\System32\WindowsPowerShell\v1.0\;C:\Windows\System32\OpenSSH\;C:\Program Files\nodejs\;C:\ProgramData\chocolatey\bin;d:\Program Files\Microsoft VS Code\bin;d:\Program Files\Git\cmd;D:\administrator\Desktop\dev\virtualenv\envhisx\Scripts;C:\Users\Administrator\AppData\Local\Programs\Python\Python38\Scripts\;C:\Users\Administrator\AppData\Local\Programs\Python\Python38\;C:\Users\Administrator\AppData\Local\Microsoft\WindowsApps;C:\Users\Administrator\AppData\Roaming\npm;C:\Users\Administrator\AppData\Local\GitHubDesktop\bin;D:\administrator\Desktop\dev\virtualenv\envhisx\Scripts;

Yarn version: 
  1.22.0

Node version: 
  12.8.0

Platform: 
  win32 x64

Trace: 
  Error: ENOENT: no such file or directory, copyfile 'C:\Users\Administrator\AppData\Local\Yarn\Cache\v6\npm-ansi-styles-4.2.1-90ae75c424d008d2624c5bf29ead3177ebfcf359-integrity\node_modules\ansi-styles\index.d.ts' -> 'D:\administrator\Desktop\dev\react\workspace\hisx\front-end\node_modules\create-react-app\node_modules\ansi-styles\index.d.ts'

npm manifest: 
  {
    "name": "front-end",
    "version": "1.0.0",
    "description": "",
    "main": "index.js",
    "dependencies": {
      "cnpm": "^6.1.1"
    },
    "devDependencies": {
      "create-react-app": "^3.4.0",
      "react": "^16.13.0",
      "react-highlight-words": "^0.16.0",
      "yarn": "^1.22.0"
    },
    "scripts": {
      "test": "echo \"Error: no test specified\" && exit 1"
    },
    "keywords": [],
    "author": "",
    "license": "ISC"
  }

yarn manifest: 
  No manifest

Lockfile: 
  No lockfile
